<?xml version="1.0" encoding="UTF-8"?>
<testng-results skipped="0" failed="0" ignored="0" total="3" passed="3">
  <reporter-output>
  </reporter-output>
  <suite name="Suite" duration-ms="27441" started-at="2018-09-13T16:00:53Z" finished-at="2018-09-13T16:01:21Z">
    <groups>
    </groups>
    <test name="Test2" duration-ms="5287" started-at="2018-09-13T16:00:53Z" finished-at="2018-09-13T16:00:58Z">
      <class name="TestMaven.CrossBrowserIE">
        <test-method status="PASS" signature="start()[pri:0, instance:TestMaven.CrossBrowserIE@ae45eb6]" name="start" duration-ms="5257" started-at="2018-09-13T21:30:53Z" finished-at="2018-09-13T21:30:58Z">
          <reporter-output>
          </reporter-output>
        </test-method> <!-- start -->
      </class> <!-- TestMaven.CrossBrowserIE -->
    </test> <!-- Test2 -->
    <test name="Test1" duration-ms="22415" started-at="2018-09-13T16:00:53Z" finished-at="2018-09-13T16:01:16Z">
      <class name="TestMaven.amazonEverything">
        <test-method status="PASS" signature="initialize()[pri:0, instance:TestMaven.amazonEverything@724af044]" name="initialize" duration-ms="22386" started-at="2018-09-13T21:30:53Z" finished-at="2018-09-13T21:31:16Z">
          <reporter-output>
          </reporter-output>
        </test-method> <!-- initialize -->
      </class> <!-- TestMaven.amazonEverything -->
    </test> <!-- Test1 -->
    <test name="Test3" duration-ms="27441" started-at="2018-09-13T16:00:53Z" finished-at="2018-09-13T16:01:21Z">
      <class name="TestMaven.CrossBrowserFF">
        <test-method status="PASS" signature="start()[pri:0, instance:TestMaven.CrossBrowserFF@1e88b3c]" name="start" duration-ms="27417" started-at="2018-09-13T21:30:53Z" finished-at="2018-09-13T21:31:21Z">
          <reporter-output>
          </reporter-output>
        </test-method> <!-- start -->
      </class> <!-- TestMaven.CrossBrowserFF -->
    </test> <!-- Test3 -->
  </suite> <!-- Suite -->
</testng-results>
