<?xml version="1.0" encoding="UTF-8"?>
<testng-results skipped="0" failed="0" ignored="0" total="1" passed="1">
  <reporter-output>
  </reporter-output>
  <suite name="Default suite" duration-ms="5381" started-at="2018-09-11T00:49:58Z" finished-at="2018-09-11T00:50:04Z">
    <groups>
    </groups>
    <test name="Default test" duration-ms="5381" started-at="2018-09-11T00:49:58Z" finished-at="2018-09-11T00:50:04Z">
      <class name="TestMaven.SampleTest">
        <test-method status="PASS" signature="first()[pri:0, instance:TestMaven.SampleTest@7c16905e]" name="first" duration-ms="5361" started-at="2018-09-11T06:19:58Z" finished-at="2018-09-11T06:20:04Z">
          <reporter-output>
          </reporter-output>
        </test-method> <!-- first -->
      </class> <!-- TestMaven.SampleTest -->
    </test> <!-- Default test -->
  </suite> <!-- Default suite -->
</testng-results>
